# ******************************************************
# PLUTO 4.3 Grid File
# Generated on  Fri Sep  6 18:32:47 2019
# 
# DIMENSIONS: 1
# GEOMETRY:   CARTESIAN
# X1: [ 0.000000,  1.000000], 1024 point(s), 2 ghosts
# ******************************************************
1024 
 1   0.000000000000e+00    9.765625000000e-04
 2   9.765625000000e-04    1.953125000000e-03
 3   1.953125000000e-03    2.929687500000e-03
 4   2.929687500000e-03    3.906250000000e-03
 5   3.906250000000e-03    4.882812500000e-03
 6   4.882812500000e-03    5.859375000000e-03
 7   5.859375000000e-03    6.835937500000e-03
 8   6.835937500000e-03    7.812500000000e-03
 9   7.812500000000e-03    8.789062500000e-03
 10   8.789062500000e-03    9.765625000000e-03
 11   9.765625000000e-03    1.074218750000e-02
 12   1.074218750000e-02    1.171875000000e-02
 13   1.171875000000e-02    1.269531250000e-02
 14   1.269531250000e-02    1.367187500000e-02
 15   1.367187500000e-02    1.464843750000e-02
 16   1.464843750000e-02    1.562500000000e-02
 17   1.562500000000e-02    1.660156250000e-02
 18   1.660156250000e-02    1.757812500000e-02
 19   1.757812500000e-02    1.855468750000e-02
 20   1.855468750000e-02    1.953125000000e-02
 21   1.953125000000e-02    2.050781250000e-02
 22   2.050781250000e-02    2.148437500000e-02
 23   2.148437500000e-02    2.246093750000e-02
 24   2.246093750000e-02    2.343750000000e-02
 25   2.343750000000e-02    2.441406250000e-02
 26   2.441406250000e-02    2.539062500000e-02
 27   2.539062500000e-02    2.636718750000e-02
 28   2.636718750000e-02    2.734375000000e-02
 29   2.734375000000e-02    2.832031250000e-02
 30   2.832031250000e-02    2.929687500000e-02
 31   2.929687500000e-02    3.027343750000e-02
 32   3.027343750000e-02    3.125000000000e-02
 33   3.125000000000e-02    3.222656250000e-02
 34   3.222656250000e-02    3.320312500000e-02
 35   3.320312500000e-02    3.417968750000e-02
 36   3.417968750000e-02    3.515625000000e-02
 37   3.515625000000e-02    3.613281250000e-02
 38   3.613281250000e-02    3.710937500000e-02
 39   3.710937500000e-02    3.808593750000e-02
 40   3.808593750000e-02    3.906250000000e-02
 41   3.906250000000e-02    4.003906250000e-02
 42   4.003906250000e-02    4.101562500000e-02
 43   4.101562500000e-02    4.199218750000e-02
 44   4.199218750000e-02    4.296875000000e-02
 45   4.296875000000e-02    4.394531250000e-02
 46   4.394531250000e-02    4.492187500000e-02
 47   4.492187500000e-02    4.589843750000e-02
 48   4.589843750000e-02    4.687500000000e-02
 49   4.687500000000e-02    4.785156250000e-02
 50   4.785156250000e-02    4.882812500000e-02
 51   4.882812500000e-02    4.980468750000e-02
 52   4.980468750000e-02    5.078125000000e-02
 53   5.078125000000e-02    5.175781250000e-02
 54   5.175781250000e-02    5.273437500000e-02
 55   5.273437500000e-02    5.371093750000e-02
 56   5.371093750000e-02    5.468750000000e-02
 57   5.468750000000e-02    5.566406250000e-02
 58   5.566406250000e-02    5.664062500000e-02
 59   5.664062500000e-02    5.761718750000e-02
 60   5.761718750000e-02    5.859375000000e-02
 61   5.859375000000e-02    5.957031250000e-02
 62   5.957031250000e-02    6.054687500000e-02
 63   6.054687500000e-02    6.152343750000e-02
 64   6.152343750000e-02    6.250000000000e-02
 65   6.250000000000e-02    6.347656250000e-02
 66   6.347656250000e-02    6.445312500000e-02
 67   6.445312500000e-02    6.542968750000e-02
 68   6.542968750000e-02    6.640625000000e-02
 69   6.640625000000e-02    6.738281250000e-02
 70   6.738281250000e-02    6.835937500000e-02
 71   6.835937500000e-02    6.933593750000e-02
 72   6.933593750000e-02    7.031250000000e-02
 73   7.031250000000e-02    7.128906250000e-02
 74   7.128906250000e-02    7.226562500000e-02
 75   7.226562500000e-02    7.324218750000e-02
 76   7.324218750000e-02    7.421875000000e-02
 77   7.421875000000e-02    7.519531250000e-02
 78   7.519531250000e-02    7.617187500000e-02
 79   7.617187500000e-02    7.714843750000e-02
 80   7.714843750000e-02    7.812500000000e-02
 81   7.812500000000e-02    7.910156250000e-02
 82   7.910156250000e-02    8.007812500000e-02
 83   8.007812500000e-02    8.105468750000e-02
 84   8.105468750000e-02    8.203125000000e-02
 85   8.203125000000e-02    8.300781250000e-02
 86   8.300781250000e-02    8.398437500000e-02
 87   8.398437500000e-02    8.496093750000e-02
 88   8.496093750000e-02    8.593750000000e-02
 89   8.593750000000e-02    8.691406250000e-02
 90   8.691406250000e-02    8.789062500000e-02
 91   8.789062500000e-02    8.886718750000e-02
 92   8.886718750000e-02    8.984375000000e-02
 93   8.984375000000e-02    9.082031250000e-02
 94   9.082031250000e-02    9.179687500000e-02
 95   9.179687500000e-02    9.277343750000e-02
 96   9.277343750000e-02    9.375000000000e-02
 97   9.375000000000e-02    9.472656250000e-02
 98   9.472656250000e-02    9.570312500000e-02
 99   9.570312500000e-02    9.667968750000e-02
 100   9.667968750000e-02    9.765625000000e-02
 101   9.765625000000e-02    9.863281250000e-02
 102   9.863281250000e-02    9.960937500000e-02
 103   9.960937500000e-02    1.005859375000e-01
 104   1.005859375000e-01    1.015625000000e-01
 105   1.015625000000e-01    1.025390625000e-01
 106   1.025390625000e-01    1.035156250000e-01
 107   1.035156250000e-01    1.044921875000e-01
 108   1.044921875000e-01    1.054687500000e-01
 109   1.054687500000e-01    1.064453125000e-01
 110   1.064453125000e-01    1.074218750000e-01
 111   1.074218750000e-01    1.083984375000e-01
 112   1.083984375000e-01    1.093750000000e-01
 113   1.093750000000e-01    1.103515625000e-01
 114   1.103515625000e-01    1.113281250000e-01
 115   1.113281250000e-01    1.123046875000e-01
 116   1.123046875000e-01    1.132812500000e-01
 117   1.132812500000e-01    1.142578125000e-01
 118   1.142578125000e-01    1.152343750000e-01
 119   1.152343750000e-01    1.162109375000e-01
 120   1.162109375000e-01    1.171875000000e-01
 121   1.171875000000e-01    1.181640625000e-01
 122   1.181640625000e-01    1.191406250000e-01
 123   1.191406250000e-01    1.201171875000e-01
 124   1.201171875000e-01    1.210937500000e-01
 125   1.210937500000e-01    1.220703125000e-01
 126   1.220703125000e-01    1.230468750000e-01
 127   1.230468750000e-01    1.240234375000e-01
 128   1.240234375000e-01    1.250000000000e-01
 129   1.250000000000e-01    1.259765625000e-01
 130   1.259765625000e-01    1.269531250000e-01
 131   1.269531250000e-01    1.279296875000e-01
 132   1.279296875000e-01    1.289062500000e-01
 133   1.289062500000e-01    1.298828125000e-01
 134   1.298828125000e-01    1.308593750000e-01
 135   1.308593750000e-01    1.318359375000e-01
 136   1.318359375000e-01    1.328125000000e-01
 137   1.328125000000e-01    1.337890625000e-01
 138   1.337890625000e-01    1.347656250000e-01
 139   1.347656250000e-01    1.357421875000e-01
 140   1.357421875000e-01    1.367187500000e-01
 141   1.367187500000e-01    1.376953125000e-01
 142   1.376953125000e-01    1.386718750000e-01
 143   1.386718750000e-01    1.396484375000e-01
 144   1.396484375000e-01    1.406250000000e-01
 145   1.406250000000e-01    1.416015625000e-01
 146   1.416015625000e-01    1.425781250000e-01
 147   1.425781250000e-01    1.435546875000e-01
 148   1.435546875000e-01    1.445312500000e-01
 149   1.445312500000e-01    1.455078125000e-01
 150   1.455078125000e-01    1.464843750000e-01
 151   1.464843750000e-01    1.474609375000e-01
 152   1.474609375000e-01    1.484375000000e-01
 153   1.484375000000e-01    1.494140625000e-01
 154   1.494140625000e-01    1.503906250000e-01
 155   1.503906250000e-01    1.513671875000e-01
 156   1.513671875000e-01    1.523437500000e-01
 157   1.523437500000e-01    1.533203125000e-01
 158   1.533203125000e-01    1.542968750000e-01
 159   1.542968750000e-01    1.552734375000e-01
 160   1.552734375000e-01    1.562500000000e-01
 161   1.562500000000e-01    1.572265625000e-01
 162   1.572265625000e-01    1.582031250000e-01
 163   1.582031250000e-01    1.591796875000e-01
 164   1.591796875000e-01    1.601562500000e-01
 165   1.601562500000e-01    1.611328125000e-01
 166   1.611328125000e-01    1.621093750000e-01
 167   1.621093750000e-01    1.630859375000e-01
 168   1.630859375000e-01    1.640625000000e-01
 169   1.640625000000e-01    1.650390625000e-01
 170   1.650390625000e-01    1.660156250000e-01
 171   1.660156250000e-01    1.669921875000e-01
 172   1.669921875000e-01    1.679687500000e-01
 173   1.679687500000e-01    1.689453125000e-01
 174   1.689453125000e-01    1.699218750000e-01
 175   1.699218750000e-01    1.708984375000e-01
 176   1.708984375000e-01    1.718750000000e-01
 177   1.718750000000e-01    1.728515625000e-01
 178   1.728515625000e-01    1.738281250000e-01
 179   1.738281250000e-01    1.748046875000e-01
 180   1.748046875000e-01    1.757812500000e-01
 181   1.757812500000e-01    1.767578125000e-01
 182   1.767578125000e-01    1.777343750000e-01
 183   1.777343750000e-01    1.787109375000e-01
 184   1.787109375000e-01    1.796875000000e-01
 185   1.796875000000e-01    1.806640625000e-01
 186   1.806640625000e-01    1.816406250000e-01
 187   1.816406250000e-01    1.826171875000e-01
 188   1.826171875000e-01    1.835937500000e-01
 189   1.835937500000e-01    1.845703125000e-01
 190   1.845703125000e-01    1.855468750000e-01
 191   1.855468750000e-01    1.865234375000e-01
 192   1.865234375000e-01    1.875000000000e-01
 193   1.875000000000e-01    1.884765625000e-01
 194   1.884765625000e-01    1.894531250000e-01
 195   1.894531250000e-01    1.904296875000e-01
 196   1.904296875000e-01    1.914062500000e-01
 197   1.914062500000e-01    1.923828125000e-01
 198   1.923828125000e-01    1.933593750000e-01
 199   1.933593750000e-01    1.943359375000e-01
 200   1.943359375000e-01    1.953125000000e-01
 201   1.953125000000e-01    1.962890625000e-01
 202   1.962890625000e-01    1.972656250000e-01
 203   1.972656250000e-01    1.982421875000e-01
 204   1.982421875000e-01    1.992187500000e-01
 205   1.992187500000e-01    2.001953125000e-01
 206   2.001953125000e-01    2.011718750000e-01
 207   2.011718750000e-01    2.021484375000e-01
 208   2.021484375000e-01    2.031250000000e-01
 209   2.031250000000e-01    2.041015625000e-01
 210   2.041015625000e-01    2.050781250000e-01
 211   2.050781250000e-01    2.060546875000e-01
 212   2.060546875000e-01    2.070312500000e-01
 213   2.070312500000e-01    2.080078125000e-01
 214   2.080078125000e-01    2.089843750000e-01
 215   2.089843750000e-01    2.099609375000e-01
 216   2.099609375000e-01    2.109375000000e-01
 217   2.109375000000e-01    2.119140625000e-01
 218   2.119140625000e-01    2.128906250000e-01
 219   2.128906250000e-01    2.138671875000e-01
 220   2.138671875000e-01    2.148437500000e-01
 221   2.148437500000e-01    2.158203125000e-01
 222   2.158203125000e-01    2.167968750000e-01
 223   2.167968750000e-01    2.177734375000e-01
 224   2.177734375000e-01    2.187500000000e-01
 225   2.187500000000e-01    2.197265625000e-01
 226   2.197265625000e-01    2.207031250000e-01
 227   2.207031250000e-01    2.216796875000e-01
 228   2.216796875000e-01    2.226562500000e-01
 229   2.226562500000e-01    2.236328125000e-01
 230   2.236328125000e-01    2.246093750000e-01
 231   2.246093750000e-01    2.255859375000e-01
 232   2.255859375000e-01    2.265625000000e-01
 233   2.265625000000e-01    2.275390625000e-01
 234   2.275390625000e-01    2.285156250000e-01
 235   2.285156250000e-01    2.294921875000e-01
 236   2.294921875000e-01    2.304687500000e-01
 237   2.304687500000e-01    2.314453125000e-01
 238   2.314453125000e-01    2.324218750000e-01
 239   2.324218750000e-01    2.333984375000e-01
 240   2.333984375000e-01    2.343750000000e-01
 241   2.343750000000e-01    2.353515625000e-01
 242   2.353515625000e-01    2.363281250000e-01
 243   2.363281250000e-01    2.373046875000e-01
 244   2.373046875000e-01    2.382812500000e-01
 245   2.382812500000e-01    2.392578125000e-01
 246   2.392578125000e-01    2.402343750000e-01
 247   2.402343750000e-01    2.412109375000e-01
 248   2.412109375000e-01    2.421875000000e-01
 249   2.421875000000e-01    2.431640625000e-01
 250   2.431640625000e-01    2.441406250000e-01
 251   2.441406250000e-01    2.451171875000e-01
 252   2.451171875000e-01    2.460937500000e-01
 253   2.460937500000e-01    2.470703125000e-01
 254   2.470703125000e-01    2.480468750000e-01
 255   2.480468750000e-01    2.490234375000e-01
 256   2.490234375000e-01    2.500000000000e-01
 257   2.500000000000e-01    2.509765625000e-01
 258   2.509765625000e-01    2.519531250000e-01
 259   2.519531250000e-01    2.529296875000e-01
 260   2.529296875000e-01    2.539062500000e-01
 261   2.539062500000e-01    2.548828125000e-01
 262   2.548828125000e-01    2.558593750000e-01
 263   2.558593750000e-01    2.568359375000e-01
 264   2.568359375000e-01    2.578125000000e-01
 265   2.578125000000e-01    2.587890625000e-01
 266   2.587890625000e-01    2.597656250000e-01
 267   2.597656250000e-01    2.607421875000e-01
 268   2.607421875000e-01    2.617187500000e-01
 269   2.617187500000e-01    2.626953125000e-01
 270   2.626953125000e-01    2.636718750000e-01
 271   2.636718750000e-01    2.646484375000e-01
 272   2.646484375000e-01    2.656250000000e-01
 273   2.656250000000e-01    2.666015625000e-01
 274   2.666015625000e-01    2.675781250000e-01
 275   2.675781250000e-01    2.685546875000e-01
 276   2.685546875000e-01    2.695312500000e-01
 277   2.695312500000e-01    2.705078125000e-01
 278   2.705078125000e-01    2.714843750000e-01
 279   2.714843750000e-01    2.724609375000e-01
 280   2.724609375000e-01    2.734375000000e-01
 281   2.734375000000e-01    2.744140625000e-01
 282   2.744140625000e-01    2.753906250000e-01
 283   2.753906250000e-01    2.763671875000e-01
 284   2.763671875000e-01    2.773437500000e-01
 285   2.773437500000e-01    2.783203125000e-01
 286   2.783203125000e-01    2.792968750000e-01
 287   2.792968750000e-01    2.802734375000e-01
 288   2.802734375000e-01    2.812500000000e-01
 289   2.812500000000e-01    2.822265625000e-01
 290   2.822265625000e-01    2.832031250000e-01
 291   2.832031250000e-01    2.841796875000e-01
 292   2.841796875000e-01    2.851562500000e-01
 293   2.851562500000e-01    2.861328125000e-01
 294   2.861328125000e-01    2.871093750000e-01
 295   2.871093750000e-01    2.880859375000e-01
 296   2.880859375000e-01    2.890625000000e-01
 297   2.890625000000e-01    2.900390625000e-01
 298   2.900390625000e-01    2.910156250000e-01
 299   2.910156250000e-01    2.919921875000e-01
 300   2.919921875000e-01    2.929687500000e-01
 301   2.929687500000e-01    2.939453125000e-01
 302   2.939453125000e-01    2.949218750000e-01
 303   2.949218750000e-01    2.958984375000e-01
 304   2.958984375000e-01    2.968750000000e-01
 305   2.968750000000e-01    2.978515625000e-01
 306   2.978515625000e-01    2.988281250000e-01
 307   2.988281250000e-01    2.998046875000e-01
 308   2.998046875000e-01    3.007812500000e-01
 309   3.007812500000e-01    3.017578125000e-01
 310   3.017578125000e-01    3.027343750000e-01
 311   3.027343750000e-01    3.037109375000e-01
 312   3.037109375000e-01    3.046875000000e-01
 313   3.046875000000e-01    3.056640625000e-01
 314   3.056640625000e-01    3.066406250000e-01
 315   3.066406250000e-01    3.076171875000e-01
 316   3.076171875000e-01    3.085937500000e-01
 317   3.085937500000e-01    3.095703125000e-01
 318   3.095703125000e-01    3.105468750000e-01
 319   3.105468750000e-01    3.115234375000e-01
 320   3.115234375000e-01    3.125000000000e-01
 321   3.125000000000e-01    3.134765625000e-01
 322   3.134765625000e-01    3.144531250000e-01
 323   3.144531250000e-01    3.154296875000e-01
 324   3.154296875000e-01    3.164062500000e-01
 325   3.164062500000e-01    3.173828125000e-01
 326   3.173828125000e-01    3.183593750000e-01
 327   3.183593750000e-01    3.193359375000e-01
 328   3.193359375000e-01    3.203125000000e-01
 329   3.203125000000e-01    3.212890625000e-01
 330   3.212890625000e-01    3.222656250000e-01
 331   3.222656250000e-01    3.232421875000e-01
 332   3.232421875000e-01    3.242187500000e-01
 333   3.242187500000e-01    3.251953125000e-01
 334   3.251953125000e-01    3.261718750000e-01
 335   3.261718750000e-01    3.271484375000e-01
 336   3.271484375000e-01    3.281250000000e-01
 337   3.281250000000e-01    3.291015625000e-01
 338   3.291015625000e-01    3.300781250000e-01
 339   3.300781250000e-01    3.310546875000e-01
 340   3.310546875000e-01    3.320312500000e-01
 341   3.320312500000e-01    3.330078125000e-01
 342   3.330078125000e-01    3.339843750000e-01
 343   3.339843750000e-01    3.349609375000e-01
 344   3.349609375000e-01    3.359375000000e-01
 345   3.359375000000e-01    3.369140625000e-01
 346   3.369140625000e-01    3.378906250000e-01
 347   3.378906250000e-01    3.388671875000e-01
 348   3.388671875000e-01    3.398437500000e-01
 349   3.398437500000e-01    3.408203125000e-01
 350   3.408203125000e-01    3.417968750000e-01
 351   3.417968750000e-01    3.427734375000e-01
 352   3.427734375000e-01    3.437500000000e-01
 353   3.437500000000e-01    3.447265625000e-01
 354   3.447265625000e-01    3.457031250000e-01
 355   3.457031250000e-01    3.466796875000e-01
 356   3.466796875000e-01    3.476562500000e-01
 357   3.476562500000e-01    3.486328125000e-01
 358   3.486328125000e-01    3.496093750000e-01
 359   3.496093750000e-01    3.505859375000e-01
 360   3.505859375000e-01    3.515625000000e-01
 361   3.515625000000e-01    3.525390625000e-01
 362   3.525390625000e-01    3.535156250000e-01
 363   3.535156250000e-01    3.544921875000e-01
 364   3.544921875000e-01    3.554687500000e-01
 365   3.554687500000e-01    3.564453125000e-01
 366   3.564453125000e-01    3.574218750000e-01
 367   3.574218750000e-01    3.583984375000e-01
 368   3.583984375000e-01    3.593750000000e-01
 369   3.593750000000e-01    3.603515625000e-01
 370   3.603515625000e-01    3.613281250000e-01
 371   3.613281250000e-01    3.623046875000e-01
 372   3.623046875000e-01    3.632812500000e-01
 373   3.632812500000e-01    3.642578125000e-01
 374   3.642578125000e-01    3.652343750000e-01
 375   3.652343750000e-01    3.662109375000e-01
 376   3.662109375000e-01    3.671875000000e-01
 377   3.671875000000e-01    3.681640625000e-01
 378   3.681640625000e-01    3.691406250000e-01
 379   3.691406250000e-01    3.701171875000e-01
 380   3.701171875000e-01    3.710937500000e-01
 381   3.710937500000e-01    3.720703125000e-01
 382   3.720703125000e-01    3.730468750000e-01
 383   3.730468750000e-01    3.740234375000e-01
 384   3.740234375000e-01    3.750000000000e-01
 385   3.750000000000e-01    3.759765625000e-01
 386   3.759765625000e-01    3.769531250000e-01
 387   3.769531250000e-01    3.779296875000e-01
 388   3.779296875000e-01    3.789062500000e-01
 389   3.789062500000e-01    3.798828125000e-01
 390   3.798828125000e-01    3.808593750000e-01
 391   3.808593750000e-01    3.818359375000e-01
 392   3.818359375000e-01    3.828125000000e-01
 393   3.828125000000e-01    3.837890625000e-01
 394   3.837890625000e-01    3.847656250000e-01
 395   3.847656250000e-01    3.857421875000e-01
 396   3.857421875000e-01    3.867187500000e-01
 397   3.867187500000e-01    3.876953125000e-01
 398   3.876953125000e-01    3.886718750000e-01
 399   3.886718750000e-01    3.896484375000e-01
 400   3.896484375000e-01    3.906250000000e-01
 401   3.906250000000e-01    3.916015625000e-01
 402   3.916015625000e-01    3.925781250000e-01
 403   3.925781250000e-01    3.935546875000e-01
 404   3.935546875000e-01    3.945312500000e-01
 405   3.945312500000e-01    3.955078125000e-01
 406   3.955078125000e-01    3.964843750000e-01
 407   3.964843750000e-01    3.974609375000e-01
 408   3.974609375000e-01    3.984375000000e-01
 409   3.984375000000e-01    3.994140625000e-01
 410   3.994140625000e-01    4.003906250000e-01
 411   4.003906250000e-01    4.013671875000e-01
 412   4.013671875000e-01    4.023437500000e-01
 413   4.023437500000e-01    4.033203125000e-01
 414   4.033203125000e-01    4.042968750000e-01
 415   4.042968750000e-01    4.052734375000e-01
 416   4.052734375000e-01    4.062500000000e-01
 417   4.062500000000e-01    4.072265625000e-01
 418   4.072265625000e-01    4.082031250000e-01
 419   4.082031250000e-01    4.091796875000e-01
 420   4.091796875000e-01    4.101562500000e-01
 421   4.101562500000e-01    4.111328125000e-01
 422   4.111328125000e-01    4.121093750000e-01
 423   4.121093750000e-01    4.130859375000e-01
 424   4.130859375000e-01    4.140625000000e-01
 425   4.140625000000e-01    4.150390625000e-01
 426   4.150390625000e-01    4.160156250000e-01
 427   4.160156250000e-01    4.169921875000e-01
 428   4.169921875000e-01    4.179687500000e-01
 429   4.179687500000e-01    4.189453125000e-01
 430   4.189453125000e-01    4.199218750000e-01
 431   4.199218750000e-01    4.208984375000e-01
 432   4.208984375000e-01    4.218750000000e-01
 433   4.218750000000e-01    4.228515625000e-01
 434   4.228515625000e-01    4.238281250000e-01
 435   4.238281250000e-01    4.248046875000e-01
 436   4.248046875000e-01    4.257812500000e-01
 437   4.257812500000e-01    4.267578125000e-01
 438   4.267578125000e-01    4.277343750000e-01
 439   4.277343750000e-01    4.287109375000e-01
 440   4.287109375000e-01    4.296875000000e-01
 441   4.296875000000e-01    4.306640625000e-01
 442   4.306640625000e-01    4.316406250000e-01
 443   4.316406250000e-01    4.326171875000e-01
 444   4.326171875000e-01    4.335937500000e-01
 445   4.335937500000e-01    4.345703125000e-01
 446   4.345703125000e-01    4.355468750000e-01
 447   4.355468750000e-01    4.365234375000e-01
 448   4.365234375000e-01    4.375000000000e-01
 449   4.375000000000e-01    4.384765625000e-01
 450   4.384765625000e-01    4.394531250000e-01
 451   4.394531250000e-01    4.404296875000e-01
 452   4.404296875000e-01    4.414062500000e-01
 453   4.414062500000e-01    4.423828125000e-01
 454   4.423828125000e-01    4.433593750000e-01
 455   4.433593750000e-01    4.443359375000e-01
 456   4.443359375000e-01    4.453125000000e-01
 457   4.453125000000e-01    4.462890625000e-01
 458   4.462890625000e-01    4.472656250000e-01
 459   4.472656250000e-01    4.482421875000e-01
 460   4.482421875000e-01    4.492187500000e-01
 461   4.492187500000e-01    4.501953125000e-01
 462   4.501953125000e-01    4.511718750000e-01
 463   4.511718750000e-01    4.521484375000e-01
 464   4.521484375000e-01    4.531250000000e-01
 465   4.531250000000e-01    4.541015625000e-01
 466   4.541015625000e-01    4.550781250000e-01
 467   4.550781250000e-01    4.560546875000e-01
 468   4.560546875000e-01    4.570312500000e-01
 469   4.570312500000e-01    4.580078125000e-01
 470   4.580078125000e-01    4.589843750000e-01
 471   4.589843750000e-01    4.599609375000e-01
 472   4.599609375000e-01    4.609375000000e-01
 473   4.609375000000e-01    4.619140625000e-01
 474   4.619140625000e-01    4.628906250000e-01
 475   4.628906250000e-01    4.638671875000e-01
 476   4.638671875000e-01    4.648437500000e-01
 477   4.648437500000e-01    4.658203125000e-01
 478   4.658203125000e-01    4.667968750000e-01
 479   4.667968750000e-01    4.677734375000e-01
 480   4.677734375000e-01    4.687500000000e-01
 481   4.687500000000e-01    4.697265625000e-01
 482   4.697265625000e-01    4.707031250000e-01
 483   4.707031250000e-01    4.716796875000e-01
 484   4.716796875000e-01    4.726562500000e-01
 485   4.726562500000e-01    4.736328125000e-01
 486   4.736328125000e-01    4.746093750000e-01
 487   4.746093750000e-01    4.755859375000e-01
 488   4.755859375000e-01    4.765625000000e-01
 489   4.765625000000e-01    4.775390625000e-01
 490   4.775390625000e-01    4.785156250000e-01
 491   4.785156250000e-01    4.794921875000e-01
 492   4.794921875000e-01    4.804687500000e-01
 493   4.804687500000e-01    4.814453125000e-01
 494   4.814453125000e-01    4.824218750000e-01
 495   4.824218750000e-01    4.833984375000e-01
 496   4.833984375000e-01    4.843750000000e-01
 497   4.843750000000e-01    4.853515625000e-01
 498   4.853515625000e-01    4.863281250000e-01
 499   4.863281250000e-01    4.873046875000e-01
 500   4.873046875000e-01    4.882812500000e-01
 501   4.882812500000e-01    4.892578125000e-01
 502   4.892578125000e-01    4.902343750000e-01
 503   4.902343750000e-01    4.912109375000e-01
 504   4.912109375000e-01    4.921875000000e-01
 505   4.921875000000e-01    4.931640625000e-01
 506   4.931640625000e-01    4.941406250000e-01
 507   4.941406250000e-01    4.951171875000e-01
 508   4.951171875000e-01    4.960937500000e-01
 509   4.960937500000e-01    4.970703125000e-01
 510   4.970703125000e-01    4.980468750000e-01
 511   4.980468750000e-01    4.990234375000e-01
 512   4.990234375000e-01    5.000000000000e-01
 513   5.000000000000e-01    5.009765625000e-01
 514   5.009765625000e-01    5.019531250000e-01
 515   5.019531250000e-01    5.029296875000e-01
 516   5.029296875000e-01    5.039062500000e-01
 517   5.039062500000e-01    5.048828125000e-01
 518   5.048828125000e-01    5.058593750000e-01
 519   5.058593750000e-01    5.068359375000e-01
 520   5.068359375000e-01    5.078125000000e-01
 521   5.078125000000e-01    5.087890625000e-01
 522   5.087890625000e-01    5.097656250000e-01
 523   5.097656250000e-01    5.107421875000e-01
 524   5.107421875000e-01    5.117187500000e-01
 525   5.117187500000e-01    5.126953125000e-01
 526   5.126953125000e-01    5.136718750000e-01
 527   5.136718750000e-01    5.146484375000e-01
 528   5.146484375000e-01    5.156250000000e-01
 529   5.156250000000e-01    5.166015625000e-01
 530   5.166015625000e-01    5.175781250000e-01
 531   5.175781250000e-01    5.185546875000e-01
 532   5.185546875000e-01    5.195312500000e-01
 533   5.195312500000e-01    5.205078125000e-01
 534   5.205078125000e-01    5.214843750000e-01
 535   5.214843750000e-01    5.224609375000e-01
 536   5.224609375000e-01    5.234375000000e-01
 537   5.234375000000e-01    5.244140625000e-01
 538   5.244140625000e-01    5.253906250000e-01
 539   5.253906250000e-01    5.263671875000e-01
 540   5.263671875000e-01    5.273437500000e-01
 541   5.273437500000e-01    5.283203125000e-01
 542   5.283203125000e-01    5.292968750000e-01
 543   5.292968750000e-01    5.302734375000e-01
 544   5.302734375000e-01    5.312500000000e-01
 545   5.312500000000e-01    5.322265625000e-01
 546   5.322265625000e-01    5.332031250000e-01
 547   5.332031250000e-01    5.341796875000e-01
 548   5.341796875000e-01    5.351562500000e-01
 549   5.351562500000e-01    5.361328125000e-01
 550   5.361328125000e-01    5.371093750000e-01
 551   5.371093750000e-01    5.380859375000e-01
 552   5.380859375000e-01    5.390625000000e-01
 553   5.390625000000e-01    5.400390625000e-01
 554   5.400390625000e-01    5.410156250000e-01
 555   5.410156250000e-01    5.419921875000e-01
 556   5.419921875000e-01    5.429687500000e-01
 557   5.429687500000e-01    5.439453125000e-01
 558   5.439453125000e-01    5.449218750000e-01
 559   5.449218750000e-01    5.458984375000e-01
 560   5.458984375000e-01    5.468750000000e-01
 561   5.468750000000e-01    5.478515625000e-01
 562   5.478515625000e-01    5.488281250000e-01
 563   5.488281250000e-01    5.498046875000e-01
 564   5.498046875000e-01    5.507812500000e-01
 565   5.507812500000e-01    5.517578125000e-01
 566   5.517578125000e-01    5.527343750000e-01
 567   5.527343750000e-01    5.537109375000e-01
 568   5.537109375000e-01    5.546875000000e-01
 569   5.546875000000e-01    5.556640625000e-01
 570   5.556640625000e-01    5.566406250000e-01
 571   5.566406250000e-01    5.576171875000e-01
 572   5.576171875000e-01    5.585937500000e-01
 573   5.585937500000e-01    5.595703125000e-01
 574   5.595703125000e-01    5.605468750000e-01
 575   5.605468750000e-01    5.615234375000e-01
 576   5.615234375000e-01    5.625000000000e-01
 577   5.625000000000e-01    5.634765625000e-01
 578   5.634765625000e-01    5.644531250000e-01
 579   5.644531250000e-01    5.654296875000e-01
 580   5.654296875000e-01    5.664062500000e-01
 581   5.664062500000e-01    5.673828125000e-01
 582   5.673828125000e-01    5.683593750000e-01
 583   5.683593750000e-01    5.693359375000e-01
 584   5.693359375000e-01    5.703125000000e-01
 585   5.703125000000e-01    5.712890625000e-01
 586   5.712890625000e-01    5.722656250000e-01
 587   5.722656250000e-01    5.732421875000e-01
 588   5.732421875000e-01    5.742187500000e-01
 589   5.742187500000e-01    5.751953125000e-01
 590   5.751953125000e-01    5.761718750000e-01
 591   5.761718750000e-01    5.771484375000e-01
 592   5.771484375000e-01    5.781250000000e-01
 593   5.781250000000e-01    5.791015625000e-01
 594   5.791015625000e-01    5.800781250000e-01
 595   5.800781250000e-01    5.810546875000e-01
 596   5.810546875000e-01    5.820312500000e-01
 597   5.820312500000e-01    5.830078125000e-01
 598   5.830078125000e-01    5.839843750000e-01
 599   5.839843750000e-01    5.849609375000e-01
 600   5.849609375000e-01    5.859375000000e-01
 601   5.859375000000e-01    5.869140625000e-01
 602   5.869140625000e-01    5.878906250000e-01
 603   5.878906250000e-01    5.888671875000e-01
 604   5.888671875000e-01    5.898437500000e-01
 605   5.898437500000e-01    5.908203125000e-01
 606   5.908203125000e-01    5.917968750000e-01
 607   5.917968750000e-01    5.927734375000e-01
 608   5.927734375000e-01    5.937500000000e-01
 609   5.937500000000e-01    5.947265625000e-01
 610   5.947265625000e-01    5.957031250000e-01
 611   5.957031250000e-01    5.966796875000e-01
 612   5.966796875000e-01    5.976562500000e-01
 613   5.976562500000e-01    5.986328125000e-01
 614   5.986328125000e-01    5.996093750000e-01
 615   5.996093750000e-01    6.005859375000e-01
 616   6.005859375000e-01    6.015625000000e-01
 617   6.015625000000e-01    6.025390625000e-01
 618   6.025390625000e-01    6.035156250000e-01
 619   6.035156250000e-01    6.044921875000e-01
 620   6.044921875000e-01    6.054687500000e-01
 621   6.054687500000e-01    6.064453125000e-01
 622   6.064453125000e-01    6.074218750000e-01
 623   6.074218750000e-01    6.083984375000e-01
 624   6.083984375000e-01    6.093750000000e-01
 625   6.093750000000e-01    6.103515625000e-01
 626   6.103515625000e-01    6.113281250000e-01
 627   6.113281250000e-01    6.123046875000e-01
 628   6.123046875000e-01    6.132812500000e-01
 629   6.132812500000e-01    6.142578125000e-01
 630   6.142578125000e-01    6.152343750000e-01
 631   6.152343750000e-01    6.162109375000e-01
 632   6.162109375000e-01    6.171875000000e-01
 633   6.171875000000e-01    6.181640625000e-01
 634   6.181640625000e-01    6.191406250000e-01
 635   6.191406250000e-01    6.201171875000e-01
 636   6.201171875000e-01    6.210937500000e-01
 637   6.210937500000e-01    6.220703125000e-01
 638   6.220703125000e-01    6.230468750000e-01
 639   6.230468750000e-01    6.240234375000e-01
 640   6.240234375000e-01    6.250000000000e-01
 641   6.250000000000e-01    6.259765625000e-01
 642   6.259765625000e-01    6.269531250000e-01
 643   6.269531250000e-01    6.279296875000e-01
 644   6.279296875000e-01    6.289062500000e-01
 645   6.289062500000e-01    6.298828125000e-01
 646   6.298828125000e-01    6.308593750000e-01
 647   6.308593750000e-01    6.318359375000e-01
 648   6.318359375000e-01    6.328125000000e-01
 649   6.328125000000e-01    6.337890625000e-01
 650   6.337890625000e-01    6.347656250000e-01
 651   6.347656250000e-01    6.357421875000e-01
 652   6.357421875000e-01    6.367187500000e-01
 653   6.367187500000e-01    6.376953125000e-01
 654   6.376953125000e-01    6.386718750000e-01
 655   6.386718750000e-01    6.396484375000e-01
 656   6.396484375000e-01    6.406250000000e-01
 657   6.406250000000e-01    6.416015625000e-01
 658   6.416015625000e-01    6.425781250000e-01
 659   6.425781250000e-01    6.435546875000e-01
 660   6.435546875000e-01    6.445312500000e-01
 661   6.445312500000e-01    6.455078125000e-01
 662   6.455078125000e-01    6.464843750000e-01
 663   6.464843750000e-01    6.474609375000e-01
 664   6.474609375000e-01    6.484375000000e-01
 665   6.484375000000e-01    6.494140625000e-01
 666   6.494140625000e-01    6.503906250000e-01
 667   6.503906250000e-01    6.513671875000e-01
 668   6.513671875000e-01    6.523437500000e-01
 669   6.523437500000e-01    6.533203125000e-01
 670   6.533203125000e-01    6.542968750000e-01
 671   6.542968750000e-01    6.552734375000e-01
 672   6.552734375000e-01    6.562500000000e-01
 673   6.562500000000e-01    6.572265625000e-01
 674   6.572265625000e-01    6.582031250000e-01
 675   6.582031250000e-01    6.591796875000e-01
 676   6.591796875000e-01    6.601562500000e-01
 677   6.601562500000e-01    6.611328125000e-01
 678   6.611328125000e-01    6.621093750000e-01
 679   6.621093750000e-01    6.630859375000e-01
 680   6.630859375000e-01    6.640625000000e-01
 681   6.640625000000e-01    6.650390625000e-01
 682   6.650390625000e-01    6.660156250000e-01
 683   6.660156250000e-01    6.669921875000e-01
 684   6.669921875000e-01    6.679687500000e-01
 685   6.679687500000e-01    6.689453125000e-01
 686   6.689453125000e-01    6.699218750000e-01
 687   6.699218750000e-01    6.708984375000e-01
 688   6.708984375000e-01    6.718750000000e-01
 689   6.718750000000e-01    6.728515625000e-01
 690   6.728515625000e-01    6.738281250000e-01
 691   6.738281250000e-01    6.748046875000e-01
 692   6.748046875000e-01    6.757812500000e-01
 693   6.757812500000e-01    6.767578125000e-01
 694   6.767578125000e-01    6.777343750000e-01
 695   6.777343750000e-01    6.787109375000e-01
 696   6.787109375000e-01    6.796875000000e-01
 697   6.796875000000e-01    6.806640625000e-01
 698   6.806640625000e-01    6.816406250000e-01
 699   6.816406250000e-01    6.826171875000e-01
 700   6.826171875000e-01    6.835937500000e-01
 701   6.835937500000e-01    6.845703125000e-01
 702   6.845703125000e-01    6.855468750000e-01
 703   6.855468750000e-01    6.865234375000e-01
 704   6.865234375000e-01    6.875000000000e-01
 705   6.875000000000e-01    6.884765625000e-01
 706   6.884765625000e-01    6.894531250000e-01
 707   6.894531250000e-01    6.904296875000e-01
 708   6.904296875000e-01    6.914062500000e-01
 709   6.914062500000e-01    6.923828125000e-01
 710   6.923828125000e-01    6.933593750000e-01
 711   6.933593750000e-01    6.943359375000e-01
 712   6.943359375000e-01    6.953125000000e-01
 713   6.953125000000e-01    6.962890625000e-01
 714   6.962890625000e-01    6.972656250000e-01
 715   6.972656250000e-01    6.982421875000e-01
 716   6.982421875000e-01    6.992187500000e-01
 717   6.992187500000e-01    7.001953125000e-01
 718   7.001953125000e-01    7.011718750000e-01
 719   7.011718750000e-01    7.021484375000e-01
 720   7.021484375000e-01    7.031250000000e-01
 721   7.031250000000e-01    7.041015625000e-01
 722   7.041015625000e-01    7.050781250000e-01
 723   7.050781250000e-01    7.060546875000e-01
 724   7.060546875000e-01    7.070312500000e-01
 725   7.070312500000e-01    7.080078125000e-01
 726   7.080078125000e-01    7.089843750000e-01
 727   7.089843750000e-01    7.099609375000e-01
 728   7.099609375000e-01    7.109375000000e-01
 729   7.109375000000e-01    7.119140625000e-01
 730   7.119140625000e-01    7.128906250000e-01
 731   7.128906250000e-01    7.138671875000e-01
 732   7.138671875000e-01    7.148437500000e-01
 733   7.148437500000e-01    7.158203125000e-01
 734   7.158203125000e-01    7.167968750000e-01
 735   7.167968750000e-01    7.177734375000e-01
 736   7.177734375000e-01    7.187500000000e-01
 737   7.187500000000e-01    7.197265625000e-01
 738   7.197265625000e-01    7.207031250000e-01
 739   7.207031250000e-01    7.216796875000e-01
 740   7.216796875000e-01    7.226562500000e-01
 741   7.226562500000e-01    7.236328125000e-01
 742   7.236328125000e-01    7.246093750000e-01
 743   7.246093750000e-01    7.255859375000e-01
 744   7.255859375000e-01    7.265625000000e-01
 745   7.265625000000e-01    7.275390625000e-01
 746   7.275390625000e-01    7.285156250000e-01
 747   7.285156250000e-01    7.294921875000e-01
 748   7.294921875000e-01    7.304687500000e-01
 749   7.304687500000e-01    7.314453125000e-01
 750   7.314453125000e-01    7.324218750000e-01
 751   7.324218750000e-01    7.333984375000e-01
 752   7.333984375000e-01    7.343750000000e-01
 753   7.343750000000e-01    7.353515625000e-01
 754   7.353515625000e-01    7.363281250000e-01
 755   7.363281250000e-01    7.373046875000e-01
 756   7.373046875000e-01    7.382812500000e-01
 757   7.382812500000e-01    7.392578125000e-01
 758   7.392578125000e-01    7.402343750000e-01
 759   7.402343750000e-01    7.412109375000e-01
 760   7.412109375000e-01    7.421875000000e-01
 761   7.421875000000e-01    7.431640625000e-01
 762   7.431640625000e-01    7.441406250000e-01
 763   7.441406250000e-01    7.451171875000e-01
 764   7.451171875000e-01    7.460937500000e-01
 765   7.460937500000e-01    7.470703125000e-01
 766   7.470703125000e-01    7.480468750000e-01
 767   7.480468750000e-01    7.490234375000e-01
 768   7.490234375000e-01    7.500000000000e-01
 769   7.500000000000e-01    7.509765625000e-01
 770   7.509765625000e-01    7.519531250000e-01
 771   7.519531250000e-01    7.529296875000e-01
 772   7.529296875000e-01    7.539062500000e-01
 773   7.539062500000e-01    7.548828125000e-01
 774   7.548828125000e-01    7.558593750000e-01
 775   7.558593750000e-01    7.568359375000e-01
 776   7.568359375000e-01    7.578125000000e-01
 777   7.578125000000e-01    7.587890625000e-01
 778   7.587890625000e-01    7.597656250000e-01
 779   7.597656250000e-01    7.607421875000e-01
 780   7.607421875000e-01    7.617187500000e-01
 781   7.617187500000e-01    7.626953125000e-01
 782   7.626953125000e-01    7.636718750000e-01
 783   7.636718750000e-01    7.646484375000e-01
 784   7.646484375000e-01    7.656250000000e-01
 785   7.656250000000e-01    7.666015625000e-01
 786   7.666015625000e-01    7.675781250000e-01
 787   7.675781250000e-01    7.685546875000e-01
 788   7.685546875000e-01    7.695312500000e-01
 789   7.695312500000e-01    7.705078125000e-01
 790   7.705078125000e-01    7.714843750000e-01
 791   7.714843750000e-01    7.724609375000e-01
 792   7.724609375000e-01    7.734375000000e-01
 793   7.734375000000e-01    7.744140625000e-01
 794   7.744140625000e-01    7.753906250000e-01
 795   7.753906250000e-01    7.763671875000e-01
 796   7.763671875000e-01    7.773437500000e-01
 797   7.773437500000e-01    7.783203125000e-01
 798   7.783203125000e-01    7.792968750000e-01
 799   7.792968750000e-01    7.802734375000e-01
 800   7.802734375000e-01    7.812500000000e-01
 801   7.812500000000e-01    7.822265625000e-01
 802   7.822265625000e-01    7.832031250000e-01
 803   7.832031250000e-01    7.841796875000e-01
 804   7.841796875000e-01    7.851562500000e-01
 805   7.851562500000e-01    7.861328125000e-01
 806   7.861328125000e-01    7.871093750000e-01
 807   7.871093750000e-01    7.880859375000e-01
 808   7.880859375000e-01    7.890625000000e-01
 809   7.890625000000e-01    7.900390625000e-01
 810   7.900390625000e-01    7.910156250000e-01
 811   7.910156250000e-01    7.919921875000e-01
 812   7.919921875000e-01    7.929687500000e-01
 813   7.929687500000e-01    7.939453125000e-01
 814   7.939453125000e-01    7.949218750000e-01
 815   7.949218750000e-01    7.958984375000e-01
 816   7.958984375000e-01    7.968750000000e-01
 817   7.968750000000e-01    7.978515625000e-01
 818   7.978515625000e-01    7.988281250000e-01
 819   7.988281250000e-01    7.998046875000e-01
 820   7.998046875000e-01    8.007812500000e-01
 821   8.007812500000e-01    8.017578125000e-01
 822   8.017578125000e-01    8.027343750000e-01
 823   8.027343750000e-01    8.037109375000e-01
 824   8.037109375000e-01    8.046875000000e-01
 825   8.046875000000e-01    8.056640625000e-01
 826   8.056640625000e-01    8.066406250000e-01
 827   8.066406250000e-01    8.076171875000e-01
 828   8.076171875000e-01    8.085937500000e-01
 829   8.085937500000e-01    8.095703125000e-01
 830   8.095703125000e-01    8.105468750000e-01
 831   8.105468750000e-01    8.115234375000e-01
 832   8.115234375000e-01    8.125000000000e-01
 833   8.125000000000e-01    8.134765625000e-01
 834   8.134765625000e-01    8.144531250000e-01
 835   8.144531250000e-01    8.154296875000e-01
 836   8.154296875000e-01    8.164062500000e-01
 837   8.164062500000e-01    8.173828125000e-01
 838   8.173828125000e-01    8.183593750000e-01
 839   8.183593750000e-01    8.193359375000e-01
 840   8.193359375000e-01    8.203125000000e-01
 841   8.203125000000e-01    8.212890625000e-01
 842   8.212890625000e-01    8.222656250000e-01
 843   8.222656250000e-01    8.232421875000e-01
 844   8.232421875000e-01    8.242187500000e-01
 845   8.242187500000e-01    8.251953125000e-01
 846   8.251953125000e-01    8.261718750000e-01
 847   8.261718750000e-01    8.271484375000e-01
 848   8.271484375000e-01    8.281250000000e-01
 849   8.281250000000e-01    8.291015625000e-01
 850   8.291015625000e-01    8.300781250000e-01
 851   8.300781250000e-01    8.310546875000e-01
 852   8.310546875000e-01    8.320312500000e-01
 853   8.320312500000e-01    8.330078125000e-01
 854   8.330078125000e-01    8.339843750000e-01
 855   8.339843750000e-01    8.349609375000e-01
 856   8.349609375000e-01    8.359375000000e-01
 857   8.359375000000e-01    8.369140625000e-01
 858   8.369140625000e-01    8.378906250000e-01
 859   8.378906250000e-01    8.388671875000e-01
 860   8.388671875000e-01    8.398437500000e-01
 861   8.398437500000e-01    8.408203125000e-01
 862   8.408203125000e-01    8.417968750000e-01
 863   8.417968750000e-01    8.427734375000e-01
 864   8.427734375000e-01    8.437500000000e-01
 865   8.437500000000e-01    8.447265625000e-01
 866   8.447265625000e-01    8.457031250000e-01
 867   8.457031250000e-01    8.466796875000e-01
 868   8.466796875000e-01    8.476562500000e-01
 869   8.476562500000e-01    8.486328125000e-01
 870   8.486328125000e-01    8.496093750000e-01
 871   8.496093750000e-01    8.505859375000e-01
 872   8.505859375000e-01    8.515625000000e-01
 873   8.515625000000e-01    8.525390625000e-01
 874   8.525390625000e-01    8.535156250000e-01
 875   8.535156250000e-01    8.544921875000e-01
 876   8.544921875000e-01    8.554687500000e-01
 877   8.554687500000e-01    8.564453125000e-01
 878   8.564453125000e-01    8.574218750000e-01
 879   8.574218750000e-01    8.583984375000e-01
 880   8.583984375000e-01    8.593750000000e-01
 881   8.593750000000e-01    8.603515625000e-01
 882   8.603515625000e-01    8.613281250000e-01
 883   8.613281250000e-01    8.623046875000e-01
 884   8.623046875000e-01    8.632812500000e-01
 885   8.632812500000e-01    8.642578125000e-01
 886   8.642578125000e-01    8.652343750000e-01
 887   8.652343750000e-01    8.662109375000e-01
 888   8.662109375000e-01    8.671875000000e-01
 889   8.671875000000e-01    8.681640625000e-01
 890   8.681640625000e-01    8.691406250000e-01
 891   8.691406250000e-01    8.701171875000e-01
 892   8.701171875000e-01    8.710937500000e-01
 893   8.710937500000e-01    8.720703125000e-01
 894   8.720703125000e-01    8.730468750000e-01
 895   8.730468750000e-01    8.740234375000e-01
 896   8.740234375000e-01    8.750000000000e-01
 897   8.750000000000e-01    8.759765625000e-01
 898   8.759765625000e-01    8.769531250000e-01
 899   8.769531250000e-01    8.779296875000e-01
 900   8.779296875000e-01    8.789062500000e-01
 901   8.789062500000e-01    8.798828125000e-01
 902   8.798828125000e-01    8.808593750000e-01
 903   8.808593750000e-01    8.818359375000e-01
 904   8.818359375000e-01    8.828125000000e-01
 905   8.828125000000e-01    8.837890625000e-01
 906   8.837890625000e-01    8.847656250000e-01
 907   8.847656250000e-01    8.857421875000e-01
 908   8.857421875000e-01    8.867187500000e-01
 909   8.867187500000e-01    8.876953125000e-01
 910   8.876953125000e-01    8.886718750000e-01
 911   8.886718750000e-01    8.896484375000e-01
 912   8.896484375000e-01    8.906250000000e-01
 913   8.906250000000e-01    8.916015625000e-01
 914   8.916015625000e-01    8.925781250000e-01
 915   8.925781250000e-01    8.935546875000e-01
 916   8.935546875000e-01    8.945312500000e-01
 917   8.945312500000e-01    8.955078125000e-01
 918   8.955078125000e-01    8.964843750000e-01
 919   8.964843750000e-01    8.974609375000e-01
 920   8.974609375000e-01    8.984375000000e-01
 921   8.984375000000e-01    8.994140625000e-01
 922   8.994140625000e-01    9.003906250000e-01
 923   9.003906250000e-01    9.013671875000e-01
 924   9.013671875000e-01    9.023437500000e-01
 925   9.023437500000e-01    9.033203125000e-01
 926   9.033203125000e-01    9.042968750000e-01
 927   9.042968750000e-01    9.052734375000e-01
 928   9.052734375000e-01    9.062500000000e-01
 929   9.062500000000e-01    9.072265625000e-01
 930   9.072265625000e-01    9.082031250000e-01
 931   9.082031250000e-01    9.091796875000e-01
 932   9.091796875000e-01    9.101562500000e-01
 933   9.101562500000e-01    9.111328125000e-01
 934   9.111328125000e-01    9.121093750000e-01
 935   9.121093750000e-01    9.130859375000e-01
 936   9.130859375000e-01    9.140625000000e-01
 937   9.140625000000e-01    9.150390625000e-01
 938   9.150390625000e-01    9.160156250000e-01
 939   9.160156250000e-01    9.169921875000e-01
 940   9.169921875000e-01    9.179687500000e-01
 941   9.179687500000e-01    9.189453125000e-01
 942   9.189453125000e-01    9.199218750000e-01
 943   9.199218750000e-01    9.208984375000e-01
 944   9.208984375000e-01    9.218750000000e-01
 945   9.218750000000e-01    9.228515625000e-01
 946   9.228515625000e-01    9.238281250000e-01
 947   9.238281250000e-01    9.248046875000e-01
 948   9.248046875000e-01    9.257812500000e-01
 949   9.257812500000e-01    9.267578125000e-01
 950   9.267578125000e-01    9.277343750000e-01
 951   9.277343750000e-01    9.287109375000e-01
 952   9.287109375000e-01    9.296875000000e-01
 953   9.296875000000e-01    9.306640625000e-01
 954   9.306640625000e-01    9.316406250000e-01
 955   9.316406250000e-01    9.326171875000e-01
 956   9.326171875000e-01    9.335937500000e-01
 957   9.335937500000e-01    9.345703125000e-01
 958   9.345703125000e-01    9.355468750000e-01
 959   9.355468750000e-01    9.365234375000e-01
 960   9.365234375000e-01    9.375000000000e-01
 961   9.375000000000e-01    9.384765625000e-01
 962   9.384765625000e-01    9.394531250000e-01
 963   9.394531250000e-01    9.404296875000e-01
 964   9.404296875000e-01    9.414062500000e-01
 965   9.414062500000e-01    9.423828125000e-01
 966   9.423828125000e-01    9.433593750000e-01
 967   9.433593750000e-01    9.443359375000e-01
 968   9.443359375000e-01    9.453125000000e-01
 969   9.453125000000e-01    9.462890625000e-01
 970   9.462890625000e-01    9.472656250000e-01
 971   9.472656250000e-01    9.482421875000e-01
 972   9.482421875000e-01    9.492187500000e-01
 973   9.492187500000e-01    9.501953125000e-01
 974   9.501953125000e-01    9.511718750000e-01
 975   9.511718750000e-01    9.521484375000e-01
 976   9.521484375000e-01    9.531250000000e-01
 977   9.531250000000e-01    9.541015625000e-01
 978   9.541015625000e-01    9.550781250000e-01
 979   9.550781250000e-01    9.560546875000e-01
 980   9.560546875000e-01    9.570312500000e-01
 981   9.570312500000e-01    9.580078125000e-01
 982   9.580078125000e-01    9.589843750000e-01
 983   9.589843750000e-01    9.599609375000e-01
 984   9.599609375000e-01    9.609375000000e-01
 985   9.609375000000e-01    9.619140625000e-01
 986   9.619140625000e-01    9.628906250000e-01
 987   9.628906250000e-01    9.638671875000e-01
 988   9.638671875000e-01    9.648437500000e-01
 989   9.648437500000e-01    9.658203125000e-01
 990   9.658203125000e-01    9.667968750000e-01
 991   9.667968750000e-01    9.677734375000e-01
 992   9.677734375000e-01    9.687500000000e-01
 993   9.687500000000e-01    9.697265625000e-01
 994   9.697265625000e-01    9.707031250000e-01
 995   9.707031250000e-01    9.716796875000e-01
 996   9.716796875000e-01    9.726562500000e-01
 997   9.726562500000e-01    9.736328125000e-01
 998   9.736328125000e-01    9.746093750000e-01
 999   9.746093750000e-01    9.755859375000e-01
 1000   9.755859375000e-01    9.765625000000e-01
 1001   9.765625000000e-01    9.775390625000e-01
 1002   9.775390625000e-01    9.785156250000e-01
 1003   9.785156250000e-01    9.794921875000e-01
 1004   9.794921875000e-01    9.804687500000e-01
 1005   9.804687500000e-01    9.814453125000e-01
 1006   9.814453125000e-01    9.824218750000e-01
 1007   9.824218750000e-01    9.833984375000e-01
 1008   9.833984375000e-01    9.843750000000e-01
 1009   9.843750000000e-01    9.853515625000e-01
 1010   9.853515625000e-01    9.863281250000e-01
 1011   9.863281250000e-01    9.873046875000e-01
 1012   9.873046875000e-01    9.882812500000e-01
 1013   9.882812500000e-01    9.892578125000e-01
 1014   9.892578125000e-01    9.902343750000e-01
 1015   9.902343750000e-01    9.912109375000e-01
 1016   9.912109375000e-01    9.921875000000e-01
 1017   9.921875000000e-01    9.931640625000e-01
 1018   9.931640625000e-01    9.941406250000e-01
 1019   9.941406250000e-01    9.951171875000e-01
 1020   9.951171875000e-01    9.960937500000e-01
 1021   9.960937500000e-01    9.970703125000e-01
 1022   9.970703125000e-01    9.980468750000e-01
 1023   9.980468750000e-01    9.990234375000e-01
 1024   9.990234375000e-01    1.000000000000e+00
1 
 1   -5.000000000000e-01    5.000000000000e-01
1 
 1   -5.000000000000e-01    5.000000000000e-01
